1519862468551	geckodriver	INFO	geckodriver 0.19.1
1519862468570	geckodriver	INFO	Listening on 127.0.0.1:53669
1519862477361	mozrunner::runner	INFO	Running command: "C:\\Program Files\\Mozilla Firefox\\firefox.exe" "-marionette" "-profile" "C:\\Users\\tring\\AppData\\Local\\Temp\\rust_mozprofile.6KCPamHrwfKE"
Unable to read VR Path Registry from C:\Users\tring\AppData\Local\openvr\openvrpaths.vrpath
1519862479469	Marionette	INFO	Enabled via --marionette
Unable to read VR Path Registry from C:\Users\tring\AppData\Local\openvr\openvrpaths.vrpath
Unable to read VR Path Registry from C:\Users\tring\AppData\Local\openvr\openvrpaths.vrpath
Unable to read VR Path Registry from C:\Users\tring\AppData\Local\openvr\openvrpaths.vrpath
Unable to read VR Path Registry from C:\Users\tring\AppData\Local\openvr\openvrpaths.vrpath
1519862485373	Marionette	INFO	Listening on port 53678
1519862485920	Marionette	WARN	TLS certificate errors will be ignored for this session
[Parent 3836, Gecko_IOThread] WARNING: pipe error: 109: file z:/build/build/src/ipc/chromium/src/chrome/common/ipc_channel_win.cc, line 346
[Child 8860, Chrome_ChildThread] WARNING: pipe error: 109: file z:/build/build/src/ipc/chromium/src/chrome/common/ipc_channel_win.cc, line 346
[Child 8860, Chrome_ChildThread] WAUnable to read VR Path Registry from C:\Users\tring\AppData\Local\openvr\openvrpaths.vrpath
[Child 5184, Chrome_ChildThread] WARNING: pipe error: 109: file z:/build/build/src/ipc/chromium/src/chrome/common/ipc_channel_win.cc, line 346
[Parent 3836, Gecko_IOThread] WARNING: pipe error: 109: file z:/build/build/src/ipc/chromium/src/chrome/common/ipc_channel_win.cc, line 346
[Child 2704, Chrome_ChildThread] WARNING: pipe error: 109: file z:/build/build/src/ipc/chromium/src/chrome/common/ipc_channel_win.cc, line 346
[Child 2704, [Parent 3836, Gecko_IOThread] WARNING: pipe error: 109: file z:/build/build/src/ipc/chromium/src/chrome/common/ipc_channel_win.cc, line 346
[Chi*** UTM:SVC TimerManager:registerTimer called after profile-before-change notification. Ignoring timer registration for id: telemetry_modules_ping

###!!! [Child][MessageChannel::SendAndWait] Error: Channel error: cannot send/recv

1519862822920	geckodriver	INFO	geckodriver 0.19.1
1519862822937	geckodriver	INFO	Listening on 127.0.0.1:53743
1519862826133	mozrunner::runner	INFO	Running command: "C:\\Program Files\\Mozilla Firefox\\firefox.exe" "-marionette" "-profile" "C:\\Users\\tring\\AppData\\Local\\Temp\\rust_mozprofile.0WezHfGz8Ewk"
Unable to read VR Path Registry from C:\Users\tring\AppData\Local\openvr\openvrpaths.vrpath
1519862827555	Marionette	INFO	Enabled via --marionette
Unable to read VR Path Registry from C:\Users\tring\AppData\Local\openvr\openvrpaths.vrpath
Unable to read VR Path Registry from C:\Users\tring\AppData\Local\openvr\openvrpaths.vrpath
Unable to read VR Path Registry from C:\Users\tring\AppData\Local\openvr\openvrpaths.vrpath
Unable to read VR Path Registry from C:\Users\tring\AppData\Local\openvr\openvrpaths.vrpath
1519862832174	Marionette	INFO	Listening on port 53751
1519862833485	Marionette	WARN	TLS certificate errors will be ignored for this session
[Child 5400, Chrome_ChildThread] WARNING: pipe error: 109: file z:/build/build/src/ipc/chromium/src/chrome/common/ipc_channel_win.cc, line 346
[Child 63*** UTM:SVC TimerManager:registerTimer called after profile-before-change notification. Ignoring timer registration for id: telemetry_modules_ping

###!!! [Child][MessageChannel::SendAndWait] Error: Channel error: cannot send/recv

1519863255070	geckodriver	INFO	geckodriver 0.19.1
1519863255090	geckodriver	INFO	Listening on 127.0.0.1:53811
1519863258064	mozrunner::runner	INFO	Running command: "C:\\Program Files\\Mozilla Firefox\\firefox.exe" "-marionette" "-profile" "C:\\Users\\tring\\AppData\\Local\\Temp\\rust_mozprofile.XLVlQrNWVfdX"
Unable to read VR Path Registry from C:\Users\tring\AppData\Local\openvr\openvrpaths.vrpath
1519863259537	Marionette	INFO	Enabled via --marionette
Unable to read VR Path Registry from C:\Users\tring\AppData\Local\openvr\openvrpaths.vrpath
Unable to read VR Path Registry from C:\Users\tring\AppData\Local\openvr\openvrpaths.vrpath
Unable to read VR Path Registry from C:\Users\tring\AppData\Local\openvr\openvrpaths.vrpath
Unable to read VR Path Registry from C:\Users\tring\AppData\Local\openvr\openvrpaths.vrpath
1519863264068	Marionette	INFO	Listening on port 53819
1519863264978	Marionette	WARN	TLS certificate errors will be ignored for this session
[Parent 9496, Gecko_IOThread] WARNING: pipe error: 109: file z:/build/build/src/ipc/chromium/src/chrome/common/ipc_channel_win.cc, line 346
[Parent 9496, Gecko_IOThread] WARNING: pipe error: 109: file z:/build/build/src/ipc/chromium/src/chrome/common/ipc_channel_win.cc, line 346

###!!! [Child][MessageChannel::SendAndWait] Error: Channel error: cannot send/recv

Local\openvr\openvrpaths.vrpath
1519863464606	Marionette	INFO	Enabled via --marionette
Unable to read VR Path Registry from C:\Users\tring\AppData\Local\openvr\openvrpaths.vrpath
Unable to read VR Path Registry from C:\Users\tring\AppData\Local\openvr\openvrpaths.vrpath
Unable to read VR Path Registry from C:\Users\tring\AppData\Local\openvr\openvrpaths.vrpath
Unable to read VR Path Registry from C:\Users\tring\AppData\Local\openvr\openvrpaths.vrpath
1519863474048	Marionette	INFO	Listening on port 53869
[Child 5216, Chrome_ChildThread] WARNING: pipe error: 109: file z:/build/build/src/ipc/chromium/src/chrome/common/ipc_channel_win.cc, line 346
[Child 5216, C1519863474533	Marionette	WARN	TLS certificate errors will be ignored for this session
Unable to read VR Path Registry from C:\Users\tring\AppData\Local\openvr\openvrpaths.vrpath
[Parent 8348, Gecko_IOThread] WARNING: pipe error: 109: file z:/build/build/src/ipc/chromium/src/chrome/common/ipc_channel_win.cc, line 346
[Parent 8348, Gecko_IOThread] WARNING: pipe error: 109: file z:/build/build/src/ipc/chromium/src/chrome/common/ipc_channel_win.cc, line 346
[Parent 8348, Gecko_IOThread] WARNING: pipe error: 232: file z:/build/build/src/ipc/chromium/src/chrome/common/ipc_channel_win.cc, line 513

###!!! [Child][MessageChannel::SendAndWait] Error: Channel error: cannot send/recv

AppData\Local\openvr\openvrpaths.vrpath
Unable to read VR Path Registry from C:\Users\tring\AppData\Local\openvr\openvrpaths.vrpath
1519863644951	Marionette	INFO	Listening on port 53935
1519863645434	Marionette	WARN	TLS certificate errors will be ignored for this session
Unable to read VR Path Registry from C:\Users\tring\AppData\Local\openvr\openvrpaths.vrpath
Unable to read VR Path Registry from C:\Users\tring\AppData\Local\openvr\openvrpaths.vrpath
[Parent 10028, Gecko_IOThread] WARNING: pipe error: 109: file z:/build/build/src/ipc/chromium/src/chrome/common/ipc_channel_win.cc, line 346
[Parent 10028, Gecko_IOThread] WARNING: pipe error: 109: file z:/build/build/src/ipc/chromium/src/chrome/common/ipc_channel_win.cc, line 346
[Child 10612, Chrome_ChildThread] WARNING: pipe error: 109: file z:/build/build/src/ipc/chromium/src/chrome/common/ipc_channel_win.cc, line 346
[Child 10612, Chrome_[Child *** UTM:SVC TimerManager:registerTimer called after profile-before-change notification. Ignoring timer registration for id: telemetry_modules_ping

###!!! [Child][MessageChannel::SendAndWait] Error: Channel error: cannot send/recv

1519863689911	geckodriver	INFO	geckodriver 0.19.1
1519863689935	geckodriver	INFO	Listening on 127.0.0.1:53993
1519863692876	mozrunner::runner	INFO	Running command: "C:\\Program Files\\Mozilla Firefox\\firefox.exe" "-marionette" "-profile" "C:\\Users\\tring\\AppData\\Local\\Temp\\rust_mozprofile.s9eiWDos8oeK"
Unable to read VR Path Registry from C:\Users\tring\AppData\Local\openvr\openvrpaths.vrpath
1519863696346	Marionette	INFO	Enabled via --marionette
Unable to read VR Path Registry from C:\Users\tring\AppData\Local\openvr\openvrpaths.vrpath
Unable to read VR Path Registry from C:\Users\tring\AppData\Local\openvr\openvrpaths.vrpath
Unable to read VR Path Registry from C:\Users\tring\AppData\Local\openvr\openvrpaths.vrpath
Unable to read VR Path Registry from C:\Users\tring\AppData\Local\openvr\openvrpaths.vrpath
1519863700967	Marionette	INFO	Listening on port 54001
1519863702676	Marionette	WARN	TLS certificate errors will be ignored for this session
JavaScript warning: https://www.google.co.in/maps?source=tldso, line 3742: Error: WebGL warning: texSubImage2D: Texture has not been initialized prior to a partial upload, forcing the browser to clear it. This may be slow.
JavaScript warning: https://www.google.co.in/maps?source=tldso, line 3742: Error: WebGL warning: texSubImage2D: This operation requires zeroing texture data. This is slow.
JavaScript warning: https://www.google.co.in/maps?source=tldso, line 3742: Error: WebGL warning: texSubImage2D: Texture has not been initialized prior to a partial upload, forcing the browser to clear it. This may be slow.
JavaScript warning: https://www.google.co.in/maps?source=tldso, line 3742: Error: WebGL warning: texSubImage2D: This operation requires zeroing texture data. This is slow.
JavaScript warning: https://www.google.co.in/maps?source=tldso, line 3742: Error: WebGL warning: texSubImage2D: Texture has not been initialized prior to a partial upload, forcingJavaScript error: resource://devtools/shared/base-loader.js -> resource://devtools/server/actors/tab.js, line 1420: TypeError: this._tabPool is null
JavaScript error: resource://devtools/shared/base-loader.js -> resource://devtools/server/actors/tab.js, line 1420: TypeError: this._tabPool is null
JavaScript error: resource://devtools/shared/base-loader.js -> resource://devtools/server/actors/tab.js, line 1420: TypeError: this._tabPool is null
JavaScript error: resource://devtools/shared/base-loader.js -> resource://devtools/server/actors/tab.js, line 1420: TypeError: this._tabPool is null
JavaScript error: resource://devtools/shared/base-loader.js -> resource://devtools/server/actors/tab.js, line 1420: TypeError: this._tabPool is null
JavaScript error: resource://devtools/shared/base-loader.js -> resource://devtools/server/actors/tab.js, line 1420: TypeError: this._tabPool is null
JavaScript error: resource://devtools/shared/base-loader.js -> resource://devtools/server/actors/highlighters/auto-refresh.js, line 201: TypeError: this.win is null
JavaScript error: resource://devtools/shared/base-loader.js -> resource://devtools/server/actors/highlighters/auto-refresh.js, line 201: TypeError: this.win is null
JavaScript error: resource://devtools/shared/base-loader.js -> resource://devtools/server/actors/highlighters/auto-refresh.js, line 201: TypeError: this.win is null
JavaScript error: resource://devtools/shared/base-loader.js -> resource://devtools/server/actors/highlighters/auto-refresh.js, line 201: TypeError: this.win is null
JavaScript error: resource://devtools/shared/base-loader.js -> resource://devtools/server/actors/highlighters/auto-refresh.js, line 201: TypeError: this.win is null
JavaScript error: resource://devtools/shared/base-loader.js -> resource://devtools/server/actors/highlighters/auto-refresh.js, line 201: TypeError: this.win is null
JavaScript error: resource://devtools/shared/base-loader.js -> resource://devtools/server/actors/higUnable to read VR Path Registry from C:\Users\tring\AppData\Local\openvr\openvrpaths.vrpath
[Child 10604, Chrome_ChildThread] WARNING: pipe error: 109: file z:/build/build/src/ipc/chromium/src/chrome/common/ipc_channel_win.cc, line 346
[Child 12004, Chrome_ChildThread] WARNING: pipe error: 109: file z:/build/build/src/ipc/chromium/src/chrome/common/ipc_channel_win.cc, line 346
[Child 12004, [Parent 10648, Gecko_IOThread] WARNING: pipe error: 109: file z:/build/build/src/ipc/chromium/src/chrome/common/ipc_channel_win.cc, line 346

###!!! [Child][MessageChannel] Error: (msgtype=0x150001,name=PBrowser::Msg_AsyncMessage) Closed channel: cannot send/recv

JavaScript error: chrome://browser/content/tab-content.js, line 316: NS_ERROR_UNEXPECTED: Component returned failure code: 0x8000ffff (NS_ERROR_UNEXPECTED) [nsIMessageSender.sendAsyncMessage]

###!!! [Child][MessageChannel] Error: (msgtype=0x150001,name=PBrowser::Msg_AsyncMessage) Closed channel: cannot send/recv

JavaScript error: chrome://browser/content/content.js, line 699: NS_ERROR_UNEXPECTED: Component returned failure code: 0x8000ffff (NS_ERROR_UNEXPECTED) [nsIMessageSender.sendAsyncMessage]

###!!! [Child][MessageChannel] Error: (msgtype=0x150001,name=PBrowser::Msg_AsyncMessage) Closed channel: cannot send/recv


###!!! [Child][MessageChannel] Error: (msgtype=0x150001,name=PBrowser::Msg_AsyncMessage) Closed channel: cannot send/recv

JavaScript error: resource://onboarding/onboarding.js, line 344: NS_ERROR_UNEXPECTED: Component returned failure code: 0x8000ffff (NS_ERROR_UNEXPECTED) [nsIMessageSender.sendAsyncMessage]

###!!! [Child][MessageChannel] Error: (msgtype=0x150001,name=PBrowser::Msg_AsyncMessage) Closed channel: cannot send/recv

JavaScript error: chrome://global/content/browser-child.js, line 125: NS_ERROR_UNEXPECTED: Component returned failure code: 0x8000ffff (NS_ERROR_UNEXPECTED) [nsIMessageSender.sendAsyncMessage]

###!!! [Child][MessageChannel] Error: (msgtype=0x15002B,name=PBrowser::Msg_SetInputContext) Closed channel: cannot send/recv


###!!! [Child][MessageChannel] Error: (msgtype=0x2C00F0,name=PContent::Msg_UnstoreAndBroadcastBlobURLUnregistration) Closed channel: cannot send/recv


###!!! [Parent][MessageChannel] Error: (msgtype=0x150090,name=PBrowser::Msg_UpdateNativeWindowHandle) Closed channel: cannot send/recv


###!!! [Parent][MessageChannel] Error: (msgtype=0x150084,name=PBrowser::Msg_Destroy) Closed channel: cannot send/recv

[Parent 10648, Gecko_IOThread] WARNING: pipe error: 109: file z:/build/build/src/ipc/chromium/src/chrome/common/ipc_channel_win.cc, line 346

###!!! [Parent][MessageChannel] Error: (msgtype=0x150090,name=PBrowser::Msg_UpdateNativeWindowHandle) Closed channel: cannot send/recv


###!!! [Parent][MessageChannel] Error: (msgtype=0x150084,name=PBrowser::Msg_Destroy) Closed channel: cannot send/recv

[Child 10720, Chrome_ChildThread] WARNING: pipe error: 109: file z:/build/build/src/ipc/chromium/src/chrome/common/ipc_channel_win.cc, line 346
[Child 10720, Chrome_ChildThread] WARNING: pipe error: 109: file z:/build/build/src/ipc/chromium/src/chrome/common/ipc_channel_win.cc, line 346

###!!! [Child][MessageChannel] Error: (msgtype=0x150001,name=PBrowser::Msg_AsyncMessage) Closed channel: cannot send/recv

JavaScript error: chrome://browser/content/tab-content.js, line 316: NS_ERROR_UNEXPECTED: Component returned failure code: 0x8000ffff (NS_ERROR_UNEXPECTED) [nsIMessageSender.sendAsyncMessage]

###!!! [Child][MessageChannel] Error: (msgtype=0x150001,name=PBrowser::Msg_AsyncMessage) Closed channel: cannot send/recv

JavaScript error: chrome://browser/content/content.js, line 699: NS_ERROR_UNEXPECTED: Component returned failure code: 0x8000ffff (NS_ERROR_UNEXPECTED) [nsIMessageSender.sendAsyncMessage]

###!!! [Child][MessageChannel] Error: (msgtype=0x150028,name=PBrowser::Msg_EnableDisableCommands) Closed channel: cannot send/recv


###!!! [Child][MessageChannel] Error: (msgtype=0x150030,name=PBrowser::Msg_SetStatus) Closed channel: cannot send/recv


###!!! [Child][MessageChannel] Error: (msgtype=0x15002B,name=PBrowser::Msg_SetInputContext) Closed channel: cannot send/recv


###!!! [Child][MessageChannel] Error: (msgtype=0x150001,name=PBrowser::Msg_AsyncMessage) Closed channel: cannot send/recv

JavaScript error: chrome://global/content/browser-child.js, line 125: NS_ERROR_UNEXPECTED: Component returned failure code: 0x8000ffff (NS_ERROR_UNEXPECTED) [nsIMessageSender.sendAsyncMessage]

###!!! [Child][MessageChannel] Error: (msgtype=0x15002B,name=PBrowser::Msg_SetInputContext) Closed channel: cannot send/recv

rror: this._tabPool is null
[Parent 11008, Gecko_IOThread] WARNING: pipe error: 109: file z:/build/build/src/ipc/chromium/src/chrome/common/ipc_channel_win.cc, line 346
[Parent 11008, Gecko_IOThread] WARNING: pipe error: 109: file z:/build/build/src/ipc/chromium/src/chrome/common/ipc_channel_win.cc, line 346
[Child 11468, Chrome_ChildThread] WARNING: pipe error: 109: file z:/build/build/src/ipc/chromium/src/chrome/common/ipc_channel_win.cc, line 346
[Child 11468, [Parent 11008, Gecko_IOThread] WARNING: pipe error: 109: file z:/build/build/src/ipc/chromium/src/chrome/common/ipc_channel_win.cc, line 346

###!!! [Child][MessageChannel::SendAndWait] Error: Channel error: cannot send/recv

1519948891495	geckodriver	INFO	geckodriver 0.19.1
1519948891516	geckodriver	INFO	Listening on 127.0.0.1:53277
1519948898413	mozrunner::runner	INFO	Running command: "C:\\Program Files\\Mozilla Firefox\\firefox.exe" "-marionette" "-profile" "C:\\Users\\tring\\AppData\\Local\\Temp\\rust_mozprofile.EfgFHJ0DDOKs"
Unable to read VR Path Registry from C:\Users\tring\AppData\Local\openvr\openvrpaths.vrpath
1519948900279	Marionette	INFO	Enabled via --marionette
Unable to read VR Path Registry from C:\Users\tring\AppData\Local\openvr\openvrpaths.vrpath
Unable to read VR Path Registry from C:\Users\tring\AppData\Local\openvr\openvrpaths.vrpath
Unable to read VR Path Registry from C:\Users\tring\AppData\Local\openvr\openvrpaths.vrpath
Unable to read VR Path Registry from C:\Users\tring\AppData\Local\openvr\openvrpaths.vrpath
1519948905642	Marionette	INFO	Listening on port 53286
1519948905855	Marionette	WARN	TLS certificate errors will be ignored for this session
Unable to read VR Path Registry from C:\Users\tring\AppData\Local\openvr\openvrpaths.vrpath
JavaScript error: https://a.travel-assets.com/bundles/storefront-web/secondaryContent-bundle/memberOnlyDeals-1-en_US-fac06cb091d6dcc68fce57082a490cda-min.js, line 1: ReferenceError: Handlebars is not defined
JavaScript warning: https://www.cheapoair.com/fpnext/js/jquery?version=5.0.617, line 1683: Using //@ to indicate sourceURL pragmas is deprecated. Use //# instead
JavaScript warning: https://www.cheapoair.com/fpnext/js/jquery?version=5.0.617 line 1 > eval, line 1683: Using //@ to indicate sourceURL pragmas is deprecated. Use //# instead
Unable to read VR Path Registry from C:\Users\tring\AppData\Local\openvr\openvrpaths.vrpath
JavaScript error: http://indianblooddonors.com/js/bootstrap.min.js, line 6: TypeError: f[0] is undefined
[Child 3204, Chrome_ChildThread] WARNING: pipe error: 109: file z:/build/build/src/ipc/chromium/src/chrome/common/ipc_channel_win.cc, line 346
[Child 3204, C[Parent 11248, Gecko_IOThread] WARNING: pipe error: 109: file z:/build/build/src/ipc/chromium/src/chrome/common/ipc_channel_win.cc, line 346
[Parent 11248, Gecko_IOThread] WARNING: pipe error: 109: file z:/build/build/src/ipc/chromium/src/chrome/common/ipc_channel_win.cc, line 346
JavaScript warning: https://www.google.co.in/maps?source=tldso, line 3742: Error: WebGL warning: texSubImage2D: Texture has not been initialized prior to a partial upload, forcing the browser to clear it. This may be slow.
JavaScript warning: https://www.google.co.in/maps?source=tldso, line 3742: Error: WebGL warning: texSubImage2D: This operation requires zeroing texture data. This is slow.
JavaScript warning: https://www.google.co.in/maps?source=tldso, line 3742: Error: WebGL warning: texSubImage2D: Texture has not been initialized prior to a partial upload, forcing the browser to clear it. This may be slow.
JavaScript warning: https://www.google.co.in/maps?source=tldso, line 3742: Error: WebGL warning: texSubImage2D: This operation requires zeroing texture data. This is slow.
JavaScript warning: https://www.google.co.in/maps?source=tldso, line 3742: Error: WebGL warning: texSubImage2D: Texture has not been initialized prior to a partial upload, forcing the browser to clear it. This may be slow.
JavaScript warning: https://www.google.co.in/maps?source=tldso, line 3742: Error: WebGL warning: texSubImage2D: This operation requires zeroing texture data. This is slow.
JavaScript warning: https://www.google.co.in/maps?source=tldso, line 3742: Error: WebGL warning: texSubImage2D: Texture has not been initialized prior to a partial upload, forcing the browser to clear it. This may be slow.
JavaScript warning: https://www.google.co.in/maps?source=tldso, line 3742: Error: WebGL warning: texSubImage2D: This operation requires zeroing texture data. This is slow.
JavaScript warning: https://www.google.co.in/maps?source=tldso, line 3742: Error: WebGL warning: texSubImage2D: Texture has not been initialized prior to a partial upload, forcing the browser to clear it. This may be slow.
JavaScript warning: https://www.google.co.in/maps?source=tldso, line 3742: Error: WebGL warning: texSubImage2D: This operation requires zeroing texture data. This is slow.
JavaScript warning: https://www.google.co.in/maps?source=tldso, line 3761: Error: WebGL warning: copyTexSubImage2D: Texture has not been initialized prior to a partial upload, forcing the browser to clear it. This may be slow.
JavaScript warning: https://www.google.co.in/maps?source=tldso, line 3761: Error: WebGL warning: copyTexSubImage2D: This operation requires zeroing texture data. This is slow.
JavaScript warning: https://www.google.co.in/maps?source=tldso, line 3742: Error: WebGL warning: texSubImage2D: Alpha-premult and y-flip are deprecated for non-DOM-Element uploads.
JavaScript warning: https://www.google.co.in/maps?source=tldso, line 3742: Error: WebGL warning: texSubImage2D: Alpha-premult and y-flip are deprecated for non-DOM-Element uploads.
JavaScript warning: https://www.google.co.in/maps?source=tldso, line 3742: Error: WebGL warning: texSubImage2D: Alpha-premult and y-flip are deprecated for non-DOM-Element uploads.
JavaScript warning: https://www.google.co.in/maps?source=tldso, line 3742: Error: WebGL warning: texSubImage2D: Alpha-premult and y-flip are deprecated for non-DOM-Element uploads.
JavaScript warning: https://www.google.co.in/maps?source=tldso, line 3742: Error: WebGL warning: texSubImage2D: Alpha-premult and y-flip are deprecated for non-DOM-Element uploads.
JavaScript warning: https://www.google.co.in/maps?source=tldso, line 3742: Error: WebGL warning: texSubImage2D: Alpha-premult and y-flip are deprecated for non-DOM-Element uploads.
JavaScript warning: https://www.google.co.in/maps?source=tldso, line 3742: Error: WebGL warning: texSubImage2D: Alpha-premult and y-flip are deprecated for non-DOM-Element uploads.
JavaScript warning: https://www.google.co.in/maps?source=tldso, line 3742: Error: WebGL warning: texSubImage2D: Alpha-premult and y-flip are deprecated for non-DOM-Element uploads.
JavaScript warning: https://www.google.co.in/maps?source=tldso, line 3742: Error: WebGL warning: texSubImage2D: Alpha-premult and y-flip are deprecated for non-DOM-Element uploads.
JavaScript warning: https://www.google.co.in/maps?source=tldso, line 3742: Error: WebGL warning: texSubImage2D: Alpha-premult and y-flip are deprecated for non-DOM-Element uploads.
JavaScript warning: https://www.google.co.in/maps?source=tldso, line 3742: Error: WebGL warning: texSubImage2D: Alpha-premult and y-flip are deprecated for non-DOM-Element uploads.
JavaScript warning: https://www.google.co.in/maps?source=tldso, line 3742: Error: WebGL warning: texSubImage2D: Alpha-premult and y-flip are deprecated for non-DOM-Element uploads.
JavaScript warning: https://www.google.co.in/maps?source=tldso, line 3742: Error: WebGL warning: texSubImage2D: Alpha-premult and y-flip are deprecated for non-DOM-Element uploads.
JavaScript warning: https://www.google.co.in/maps?source=tldso, line 3742: Error: WebGL warning: texSubImage2D: Alpha-premult and y-flip are deprecated for non-DOM-Element uploads.
JavaScript warning: https://www.google.co.in/maps?source=tldso, line 3742: Error: WebGL warning: texSubImage2D: Alpha-premult and y-flip are deprecated for non-DOM-Element uploads.
JavaScript warning: https://www.google.co.in/maps?source=tldso, line 3742: Error: WebGL warning: texSubImage2D: Alpha-premult and y-flip are deprecated for non-DOM-Element uploads.
JavaScript warning: https://www.google.co.in/maps?source=tldso, line 3742: Error: WebGL warning: texSubImage2D: Alpha-premult and y-flip are deprecated for non-DOM-Element uploads.
JavaScript warning: https://www.google.co.in/maps?source=tldso, line 3742: Error: WebGL warning: texSubImage2D: Alpha-premult and y-flip are deprecated for non-DOM-Element uploads.
JavaScript warning: https://www.google.co.in/maps?source=tldso, line 3742: Error: WebGL warning: texSubImage2D: Alpha-premult and y-flip are deprecated for non-DOM-Element uploads.
JavaScript warning: https://www.google.co.in/maps?source=tldso, line 3742: Error: WebGL warning: texSubImage2D: Alpha-premult and y-flip are deprecated for non-DOM-Element uploads.
JavaScript warning: https://www.google.co.in/maps?source=tldso, line 3742: Error: WebGL: No further warnings will be reported for this WebGL context. (already reported 32 warnings)
Unable to read VR Path Registry from C:\Users\tring\AppData\Local\openvr\openvrpaths.vrpath
JavaScript error: resource://devtools/shared/base-loader.js -> resource://devtools/server/actors/highlighters/auto-refresh.js, line 201: TypeError: this.win is null
JavaScript error: resource://devtools/shared/base-loader.js -> resource://devtools/server/actors/highlighters/auto-refresh.js, line 201: TypeError: this.win is null
JavaScript error: resource://devtools/shared/base-loader.js -> resource://devtools/server/actors/highlighters/auto-refresh.js, line 201: TypeError: this.win is null
JavaScript error: resource://devtools/shared/base-loader.js -> resource://devtools/server/actors/highlighters/auto-refresh.js, line 201: TypeError: this.win is null
JavaScript error: resource://devtools/shared/base-loader.js -> resource://devtools/server/actors/highlighters/auto-refresh.js, line 201: TypeError: this.win is null
JavaScript error: resource://devtools/shared/base-loader.js -> resource://devtools/server/actors/highlighters/auto-refresh.js, line 201: TypeError: this.win is null
JavaScript error: resource://devtools/shared/base-loader.js -> resource://devtools/server/actors/tab.js, line 1420: TypeError: this._tabPool is null
JavaScript error: resource://devtools/shared/base-loader.js -> resource://devtools/server/actors/tab.js, line 1420: TypeError: this._tabPool is null
JavaScript error: resource://devtools/shared/base-loader.js -> resource://devtools/server/actors/tab.js, line 1420: TypeError: this._tabPool is null
JavaScript error: resource://devtools/shared/base-loader.js -> resource://devtools/server/actors/tab.js, line 1420: TypeError: this._tabPool is null
JavaScript error: resource://devtools/shared/base-loader.js -> resource://devtools/server/actors/tab.js, line 1420: TypeError: this._tabPool is null
JavaScript error: resource://devtools/shared/base-loader.js -> resource://devtools/server/actors/tab.js, line 1420: TypeError: this._tabPool is null
JavaScript error: resource://devtools/shared/base-loader.js -> resource://devtools/server/actors/tab.js, line 1420: TypeError: this._tabPool is null
[Parent 11248, Gecko_IOThread] WARNING: pipe error: 109: file z:/build/build/src/ipc/chromium/src/chrome/common/ipc_channel_win.cc, line 346
[Parent 11248, Gecko_IOThread] WARNING: pipe error: 109: file z:/build/build/src/ipc/chromium/src/chrome/common/ipc_channel_win.cc, line 346
[Parent 11248, Gecko_IOThread] WARNING: pipe error: 109: file z:/build/build/src/ipc/chromium/src/chrome/common/ipc_channel_win.cc, line 346
[Child 10524, Chrome_ChildThread] WARNING: pipe error: 109: file z:/build/build/src/ipc/chromium/src/chrome/common/ipc_channel_win.cc, line 346
[Child 10524, [Child 10824, Chrome_ChildThread] WARNING: pipe error: 109: file z:/build/build/src/ipc/chromium/src/chrome/common/ipc_channel_win.cc, line 346
[Child 10824, Chrome_ChildThread] WARNING: pipe error: 109: file z:/bu[Child 9800, Chrome_ChildThread] WARNING: pipe error: 109: file z:/build/build/src/ipc/chromium/src/chrome/common/ipc_channel_win.cc, line 346
[Child 9800, Chr[Parent 11248, Gecko_IOThread] WARNING: pipe error: 109: file z:/build/build/src/ipc/chromium/src/chrome/common/ipc_channel_win.cc, line 346
